<?xml version="1.0" encoding="UTF-8"?>
<!-- Generated by org.testng.reporters.JUnitReportReporter -->
<testsuite hostname="LAPTOP-U27IE2J6" failures="0" tests="3" name="tests.ReadExcelToHashMap" time="0.007" errors="0" timestamp="2021-11-06T20:41:52 IST" skipped="0">
  <testcase classname="tests.ReadExcelToHashMap" name="readData" time="0.001"/>
  <system-out/>
  <testcase classname="tests.ReadExcelToHashMap" name="readData" time="0.001"/>
  <system-out/>
  <testcase classname="tests.ReadExcelToHashMap" name="readData" time="0.005"/>
  <system-out/>
</testsuite> <!-- tests.ReadExcelToHashMap -->
