<?xml version="1.0" encoding="UTF-8"?>
<!-- Generated by org.testng.reporters.JUnitReportReporter -->
<testsuite hostname="LAPTOP-U27IE2J6" failures="0" tests="1" name="tests.AmazonLoginTest" time="9.858" errors="0" timestamp="2021-11-06T17:09:59 IST" skipped="0">
  <testcase classname="tests.AmazonLoginTest" name="amazonLoginTest" time="9.858"/>
  <system-out/>
</testsuite> <!-- tests.AmazonLoginTest -->
