<?xml version="1.0" encoding="UTF-8"?>
<!-- Generated by org.testng.reporters.JUnitReportReporter -->
<testsuite hostname="LAPTOP-U27IE2J6" failures="0" tests="1" name="tests.LaunchBrowserTest" time="16.295" errors="0" timestamp="2021-11-05T13:42:53 IST" skipped="0">
  <testcase classname="tests.LaunchBrowserTest" name="launchBrowserTest" time="16.295"/>
  <system-out/>
</testsuite> <!-- tests.LaunchBrowserTest -->
