<?xml version="1.0" encoding="UTF-8"?>
<!-- Generated by org.testng.reporters.JUnitReportReporter -->
<testsuite hostname="LAPTOP-U27IE2J6" failures="0" tests="1" name="tests.ExcelDataReader" time="0.447" errors="0" timestamp="2021-11-06T16:31:05 IST" skipped="0">
  <testcase classname="tests.ExcelDataReader" name="readData" time="0.447"/>
  <system-out/>
</testsuite> <!-- tests.ExcelDataReader -->
