<?xml version="1.0" encoding="UTF-8"?>
<!-- Generated by org.testng.reporters.JUnitReportReporter -->
<testsuite hostname="LAPTOP-U27IE2J6" failures="0" tests="1" name="tests.loginTest" time="14.286" errors="0" timestamp="2021-11-06T17:09:59 IST" skipped="0">
  <testcase classname="tests.loginTest" name="launchBrowserTest" time="14.286"/>
  <system-out/>
</testsuite> <!-- tests.loginTest -->
