<?xml version="1.0" encoding="UTF-8"?>
<!-- Generated by org.testng.reporters.JUnitReportReporter -->
<testsuite hostname="LAPTOP-U27IE2J6" failures="0" tests="2" name="tests.DataProviderTest" time="0.007" errors="0" timestamp="2021-11-06T19:55:29 IST" skipped="0">
  <testcase classname="tests.DataProviderTest" name="dataProviderTest" time="0.006"/>
  <system-out/>
  <testcase classname="tests.DataProviderTest" name="dataProviderTest" time="0.001"/>
  <system-out/>
</testsuite> <!-- tests.DataProviderTest -->
