<?xml version="1.0" encoding="UTF-8"?>
<!-- Generated by org.testng.reporters.JUnitReportReporter -->
<testsuite hostname="LAPTOP-U27IE2J6" failures="0" tests="2" name="rough.TestngPriorityDemo" time="0.009" errors="0" timestamp="2021-11-06T17:09:59 IST" skipped="0">
  <testcase classname="rough.TestngPriorityDemo" name="test1" time="0.008"/>
  <system-out/>
  <testcase classname="rough.TestngPriorityDemo" name="test3" time="0.001"/>
  <system-out/>
</testsuite> <!-- rough.TestngPriorityDemo -->
