<?xml version="1.0" encoding="UTF-8"?>
<!-- Generated by org.testng.reporters.JUnitReportReporter -->
<testsuite hostname="LAPTOP-U27IE2J6" failures="0" tests="1" name="tests.XpathDemo" time="5.885" errors="0" timestamp="2021-11-07T17:28:03 IST" skipped="0">
  <testcase classname="tests.XpathDemo" name="xpathDemo" time="5.885"/>
  <system-out/>
</testsuite> <!-- tests.XpathDemo -->
